2026-06-16T17:27:52.764+0530 [DEBUG] turborepo_lib::commands::run: Verbose tracing redirected to C:\Users\320301827\Documents\WORKSPACE\01_CLIENTS\Active\hastytasty-website\.turbo\debug-logs\turbo-20260616-172752.log
2026-06-16T17:27:52.764+0530 [DEBUG] turborepo_process: spawning children with pty: false
2026-06-16T17:27:52.764+0530 [TRACE] turborepo_lib::run::builder: performing run on "windows-64"
2026-06-16T17:27:52.764+0530 [TRACE] turborepo_repository::package_json: loading package.json from C:\Users\320301827\Documents\WORKSPACE\01_CLIENTS\Active\hastytasty-website\package.json
2026-06-16T17:27:52.776+0530 [TRACE] turborepo_telemetry::config: Telemetry config path: C:\Users\320301827\AppData\Roaming\turborepo\telemetry.json
2026-06-16T17:27:52.781+0530 [DEBUG] turborepo_repository::discovery: discovering packages using caching strategy
2026-06-16T17:27:52.781+0530 [DEBUG] turborepo_repository::discovery: discovering packages using primary strategy
2026-06-16T17:27:52.781+0530 [DEBUG] turborepo_repository::discovery: discovering packages using local strategy
2026-06-16T17:27:52.781+0530 [TRACE] turborepo_telemetry: Flushed telemetry event queue (num_events=10)
2026-06-16T17:27:52.795+0530 [TRACE] turborepo_repository::package_json: loading package.json from C:\Users\320301827\Documents\WORKSPACE\01_CLIENTS\Active\hastytasty-website\apps\api\package.json
2026-06-16T17:27:52.795+0530 [TRACE] turborepo_repository::package_json: loading package.json from C:\Users\320301827\Documents\WORKSPACE\01_CLIENTS\Active\hastytasty-website\apps\web\package.json
2026-06-16T17:27:52.795+0530 [TRACE] turborepo_repository::package_json: loading package.json from C:\Users\320301827\Documents\WORKSPACE\01_CLIENTS\Active\hastytasty-website\packages\database\package.json
2026-06-16T17:27:52.798+0530 [DEBUG] turborepo_repository::discovery: discovering packages using caching strategy
2026-06-16T17:27:52.798+0530 [DEBUG] turborepo_repository::discovery: discovering packages using caching strategy
2026-06-16T17:27:52.803+0530 [DEBUG] turborepo_repository::discovery: discovering packages using caching strategy
2026-06-16T17:27:52.804+0530 [DEBUG] turborepo_lib::microfrontends: MicrofrontendsConfigs::from_disk - loading configurations
2026-06-16T17:27:52.804+0530 [DEBUG] turborepo_lib::microfrontends: from_disk - any package has @vercel/microfrontends dep: false
2026-06-16T17:27:52.804+0530 [DEBUG] turborepo_lib::microfrontends: from_disk - package: api, has @vercel/microfrontends dep: false
2026-06-16T17:27:52.804+0530 [DEBUG] turborepo_lib::microfrontends: from_disk - package: web, has @vercel/microfrontends dep: false
2026-06-16T17:27:52.804+0530 [DEBUG] turborepo_lib::microfrontends: from_disk - package: //, has @vercel/microfrontends dep: false
2026-06-16T17:27:52.804+0530 [DEBUG] turborepo_lib::microfrontends: from_disk - package: database, has @vercel/microfrontends dep: false
2026-06-16T17:27:52.804+0530 [DEBUG] turborepo_lib::microfrontends: from_disk - loaded 4 package configs
2026-06-16T17:27:52.804+0530 [DEBUG] turborepo_lib::microfrontends: from_configs - processing configurations
2026-06-16T17:27:52.804+0530 [DEBUG] turborepo_lib::microfrontends: from_configs - result: 0 configs, mfe_package=None, has_mfe_dependency=false
2026-06-16T17:27:52.804+0530 [DEBUG] turborepo_lib::microfrontends: from_configs - no configs found, returning None
2026-06-16T17:27:52.804+0530 [DEBUG] turborepo_cache::multiplexer: CacheMultiplexer::new creating FSCache with cache_dir=.turbo\cache, repo_root=C:\Users\320301827\Documents\WORKSPACE\01_CLIENTS\Active\hastytasty-website
2026-06-16T17:27:52.804+0530 [DEBUG] turborepo_cache::fs: FSCache::new called with cache_dir=.turbo\cache, repo_root=C:\Users\320301827\Documents\WORKSPACE\01_CLIENTS\Active\hastytasty-website
2026-06-16T17:27:52.804+0530 [DEBUG] turborepo_cache::fs: FSCache resolved cache_directory=C:\Users\320301827\Documents\WORKSPACE\01_CLIENTS\Active\hastytasty-website\.turbo\cache
2026-06-16T17:27:52.807+0530 [DEBUG] turborepo_scm::repo_index: built tracked repo git index (gix-index): clean_count=119, status_count=32
2026-06-16T17:27:52.807+0530 [DEBUG] turborepo_scm: tracked repo git index built eagerly
2026-06-16T17:27:52.810+0530 [DEBUG] turborepo_turbo_json::loader: path: C:\Users\320301827\Documents\WORKSPACE\01_CLIENTS\Active\hastytasty-website\apps\api, turbo_json: Ok(None), turbo_jsonc: Ok(None)
2026-06-16T17:27:52.810+0530 [DEBUG] turborepo_turbo_json::loader: path: C:\Users\320301827\Documents\WORKSPACE\01_CLIENTS\Active\hastytasty-website\packages\database, turbo_json: Ok(None), turbo_jsonc: Ok(None)
2026-06-16T17:27:52.810+0530 [DEBUG] turborepo_turbo_json::loader: path: C:\Users\320301827\Documents\WORKSPACE\01_CLIENTS\Active\hastytasty-website\apps\web, turbo_json: Ok(None), turbo_jsonc: Ok(None)
2026-06-16T17:27:52.811+0530 [DEBUG] turborepo_turbo_json::loader: path: C:\Users\320301827\Documents\WORKSPACE\01_CLIENTS\Active\hastytasty-website\apps\web, turbo_json: Ok(None), turbo_jsonc: Ok(None)
2026-06-16T17:27:52.811+0530 [DEBUG] log: glob converted to regex: Glob { glob: "**/.pnp.*", re: "(?-u)^(?:/?|.*/)\\.pnp\\.[^/]*$", opts: GlobOptions { case_insensitive: false, literal_separator: true, backslash_escape: true, empty_alternates: false }, tokens: Tokens([RecursivePrefix, Literal('.'), Literal('p'), Literal('n'), Literal('p'), Literal('.'), ZeroOrMore]) }
2026-06-16T17:27:52.811+0530 [DEBUG] log: glob converted to regex: Glob { glob: ".yarn/*", re: "(?-u)^\\.yarn/[^/]*$", opts: GlobOptions { case_insensitive: false, literal_separator: true, backslash_escape: true, empty_alternates: false }, tokens: Tokens([Literal('.'), Literal('y'), Literal('a'), Literal('r'), Literal('n'), Literal('/'), ZeroOrMore]) }
2026-06-16T17:27:52.811+0530 [DEBUG] log: glob converted to regex: Glob { glob: "**/npm-debug.log*", re: "(?-u)^(?:/?|.*/)npm\\-debug\\.log[^/]*$", opts: GlobOptions { case_insensitive: false, literal_separator: true, backslash_escape: true, empty_alternates: false }, tokens: Tokens([RecursivePrefix, Literal('n'), Literal('p'), Literal('m'), Literal('-'), Literal('d'), Literal('e'), Literal('b'), Literal('u'), Literal('g'), Literal('.'), Literal('l'), Literal('o'), Literal('g'), ZeroOrMore]) }
2026-06-16T17:27:52.811+0530 [DEBUG] log: glob converted to regex: Glob { glob: "**/yarn-debug.log*", re: "(?-u)^(?:/?|.*/)yarn\\-debug\\.log[^/]*$", opts: GlobOptions { case_insensitive: false, literal_separator: true, backslash_escape: true, empty_alternates: false }, tokens: Tokens([RecursivePrefix, Literal('y'), Literal('a'), Literal('r'), Literal('n'), Literal('-'), Literal('d'), Literal('e'), Literal('b'), Literal('u'), Literal('g'), Literal('.'), Literal('l'), Literal('o'), Literal('g'), ZeroOrMore]) }
2026-06-16T17:27:52.811+0530 [DEBUG] log: glob converted to regex: Glob { glob: "**/yarn-error.log*", re: "(?-u)^(?:/?|.*/)yarn\\-error\\.log[^/]*$", opts: GlobOptions { case_insensitive: false, literal_separator: true, backslash_escape: true, empty_alternates: false }, tokens: Tokens([RecursivePrefix, Literal('y'), Literal('a'), Literal('r'), Literal('n'), Literal('-'), Literal('e'), Literal('r'), Literal('r'), Literal('o'), Literal('r'), Literal('.'), Literal('l'), Literal('o'), Literal('g'), ZeroOrMore]) }
2026-06-16T17:27:52.811+0530 [DEBUG] log: glob converted to regex: Glob { glob: "**/.pnpm-debug.log*", re: "(?-u)^(?:/?|.*/)\\.pnpm\\-debug\\.log[^/]*$", opts: GlobOptions { case_insensitive: false, literal_separator: true, backslash_escape: true, empty_alternates: false }, tokens: Tokens([RecursivePrefix, Literal('.'), Literal('p'), Literal('n'), Literal('p'), Literal('m'), Literal('-'), Literal('d'), Literal('e'), Literal('b'), Literal('u'), Literal('g'), Literal('.'), Literal('l'), Literal('o'), Literal('g'), ZeroOrMore]) }
2026-06-16T17:27:52.811+0530 [DEBUG] log: glob converted to regex: Glob { glob: "**/.env*", re: "(?-u)^(?:/?|.*/)\\.env[^/]*$", opts: GlobOptions { case_insensitive: false, literal_separator: true, backslash_escape: true, empty_alternates: false }, tokens: Tokens([RecursivePrefix, Literal('.'), Literal('e'), Literal('n'), Literal('v'), ZeroOrMore]) }
2026-06-16T17:27:52.811+0530 [DEBUG] log: built glob set; 10 literals, 3 basenames, 2 extensions, 0 prefixes, 0 suffixes, 0 required extensions, 7 regexes
2026-06-16T17:27:52.811+0530 [DEBUG] turborepo_turbo_json::loader: path: C:\Users\320301827\Documents\WORKSPACE\01_CLIENTS\Active\hastytasty-website\apps\api, turbo_json: Ok(None), turbo_jsonc: Ok(None)
2026-06-16T17:27:52.811+0530 [DEBUG] turborepo_turbo_json::loader: path: C:\Users\320301827\Documents\WORKSPACE\01_CLIENTS\Active\hastytasty-website\packages\database, turbo_json: Ok(None), turbo_jsonc: Ok(None)
2026-06-16T17:27:52.811+0530 [DEBUG] turborepo_turbo_json::loader: path: C:\Users\320301827\Documents\WORKSPACE\01_CLIENTS\Active\hastytasty-website\apps\web, turbo_json: Ok(None), turbo_jsonc: Ok(None)
2026-06-16T17:27:52.812+0530 [DEBUG] log: built glob set; 1 literals, 2 basenames, 0 extensions, 0 prefixes, 0 suffixes, 0 required extensions, 0 regexes
2026-06-16T17:27:52.812+0530 [DEBUG] turborepo_turbo_json::loader: path: C:\Users\320301827\Documents\WORKSPACE\01_CLIENTS\Active\hastytasty-website\apps\api, turbo_json: Ok(None), turbo_jsonc: Ok(None)
2026-06-16T17:27:52.812+0530 [DEBUG] turborepo_turbo_json::loader: path: C:\Users\320301827\Documents\WORKSPACE\01_CLIENTS\Active\hastytasty-website\packages\database, turbo_json: Ok(None), turbo_jsonc: Ok(None)
2026-06-16T17:27:52.812+0530 [DEBUG] turborepo_lib::run::task_access: TASK ACCESS TRACE: unable to restore config from cache
2026-06-16T17:27:52.875+0530 [DEBUG] log: glob converted to regex: Glob { glob: "**/.pnp.*", re: "(?-u)^(?:/?|.*/)\\.pnp\\.[^/]*$", opts: GlobOptions { case_insensitive: false, literal_separator: true, backslash_escape: true, empty_alternates: false }, tokens: Tokens([RecursivePrefix, Literal('.'), Literal('p'), Literal('n'), Literal('p'), Literal('.'), ZeroOrMore]) }
2026-06-16T17:27:52.875+0530 [DEBUG] log: glob converted to regex: Glob { glob: ".yarn/*", re: "(?-u)^\\.yarn/[^/]*$", opts: GlobOptions { case_insensitive: false, literal_separator: true, backslash_escape: true, empty_alternates: false }, tokens: Tokens([Literal('.'), Literal('y'), Literal('a'), Literal('r'), Literal('n'), Literal('/'), ZeroOrMore]) }
2026-06-16T17:27:52.875+0530 [DEBUG] log: glob converted to regex: Glob { glob: "**/npm-debug.log*", re: "(?-u)^(?:/?|.*/)npm\\-debug\\.log[^/]*$", opts: GlobOptions { case_insensitive: false, literal_separator: true, backslash_escape: true, empty_alternates: false }, tokens: Tokens([RecursivePrefix, Literal('n'), Literal('p'), Literal('m'), Literal('-'), Literal('d'), Literal('e'), Literal('b'), Literal('u'), Literal('g'), Literal('.'), Literal('l'), Literal('o'), Literal('g'), ZeroOrMore]) }
2026-06-16T17:27:52.875+0530 [DEBUG] log: glob converted to regex: Glob { glob: "**/yarn-debug.log*", re: "(?-u)^(?:/?|.*/)yarn\\-debug\\.log[^/]*$", opts: GlobOptions { case_insensitive: false, literal_separator: true, backslash_escape: true, empty_alternates: false }, tokens: Tokens([RecursivePrefix, Literal('y'), Literal('a'), Literal('r'), Literal('n'), Literal('-'), Literal('d'), Literal('e'), Literal('b'), Literal('u'), Literal('g'), Literal('.'), Literal('l'), Literal('o'), Literal('g'), ZeroOrMore]) }
2026-06-16T17:27:52.875+0530 [DEBUG] log: glob converted to regex: Glob { glob: "**/yarn-error.log*", re: "(?-u)^(?:/?|.*/)yarn\\-error\\.log[^/]*$", opts: GlobOptions { case_insensitive: false, literal_separator: true, backslash_escape: true, empty_alternates: false }, tokens: Tokens([RecursivePrefix, Literal('y'), Literal('a'), Literal('r'), Literal('n'), Literal('-'), Literal('e'), Literal('r'), Literal('r'), Literal('o'), Literal('r'), Literal('.'), Literal('l'), Literal('o'), Literal('g'), ZeroOrMore]) }
2026-06-16T17:27:52.875+0530 [DEBUG] log: glob converted to regex: Glob { glob: "**/.pnpm-debug.log*", re: "(?-u)^(?:/?|.*/)\\.pnpm\\-debug\\.log[^/]*$", opts: GlobOptions { case_insensitive: false, literal_separator: true, backslash_escape: true, empty_alternates: false }, tokens: Tokens([RecursivePrefix, Literal('.'), Literal('p'), Literal('n'), Literal('p'), Literal('m'), Literal('-'), Literal('d'), Literal('e'), Literal('b'), Literal('u'), Literal('g'), Literal('.'), Literal('l'), Literal('o'), Literal('g'), ZeroOrMore]) }
2026-06-16T17:27:52.875+0530 [DEBUG] log: glob converted to regex: Glob { glob: "**/.env*", re: "(?-u)^(?:/?|.*/)\\.env[^/]*$", opts: GlobOptions { case_insensitive: false, literal_separator: true, backslash_escape: true, empty_alternates: false }, tokens: Tokens([RecursivePrefix, Literal('.'), Literal('e'), Literal('n'), Literal('v'), ZeroOrMore]) }
2026-06-16T17:27:52.875+0530 [DEBUG] log: built glob set; 10 literals, 3 basenames, 2 extensions, 0 prefixes, 0 suffixes, 0 required extensions, 7 regexes
2026-06-16T17:27:52.942+0530 [DEBUG] turborepo_scm::repo_index: populated repo git index with untracked files: added_count=32443, status_count=32475
